<?xml version="1.0" encoding="UTF-8"?>
<testsuite name="co.com.magneto.usecase.adnsecuencia.AdnSecuenciaUseCaseTest" tests="2" skipped="0" failures="0" errors="0" timestamp="2021-04-14T15:32:38" hostname="MacBook-Pro-de-Juan-3.local" time="0.538">
  <properties/>
  <testcase name="saveSecuenciaTrue" classname="co.com.magneto.usecase.adnsecuencia.AdnSecuenciaUseCaseTest" time="0.476"/>
  <testcase name="saveSecuenciaTrueException" classname="co.com.magneto.usecase.adnsecuencia.AdnSecuenciaUseCaseTest" time="0.043"/>
  <system-out><![CDATA[]]></system-out>
  <system-err><![CDATA[]]></system-err>
</testsuite>
