<?xml version="1.0" encoding="UTF-8"?>
<testsuite name="co.com.magneto.usecase.adnsecuencia.AdnSecuenciaUseCaseTest" tests="2" skipped="0" failures="0" errors="0" timestamp="2021-06-06T21:25:16" hostname="MacBook-Pro-de-Juan-3.local" time="0.271">
  <properties/>
  <testcase name="saveSecuenciaTrue" classname="co.com.magneto.usecase.adnsecuencia.AdnSecuenciaUseCaseTest" time="0.209"/>
  <testcase name="saveSecuenciaTrueException" classname="co.com.magneto.usecase.adnsecuencia.AdnSecuenciaUseCaseTest" time="0.058"/>
  <system-out><![CDATA[]]></system-out>
  <system-err><![CDATA[]]></system-err>
</testsuite>
